<?xml version="1.0" encoding="UTF-8"?>
<!-- Generated by org.testng.reporters.JUnitReportReporter -->
<testsuite hostname="LTIN438577" failures="0" tests="2" name="swaglabs.ai.tests.validateHomePageTest" time="3.749" errors="0" timestamp="2024-09-30T13:01:25 IST" skipped="0">
  <testcase classname="swaglabs.ai.tests.validateHomePageTest" name="validateUserLandedInSwagLabsHomePage" time="0.373"/>
  <system-out/>
  <testcase classname="swaglabs.ai.tests.validateHomePageTest" name="validateOfAddSauceLabsBackPackIntoCartFromHomePageTest" time="3.376"/>
  <system-out/>
</testsuite> <!-- swaglabs.ai.tests.validateHomePageTest -->
