<?xml version="1.0" encoding="UTF-8"?>
<!-- Generated by org.testng.reporters.JUnitReportReporter -->
<testsuite hostname="LTIN438577" failures="0" tests="2" name="swaglabs.ai.tests.validateHomePageTest" time="3.360" errors="0" timestamp="2024-09-29T23:25:44 IST" skipped="0">
  <testcase classname="swaglabs.ai.tests.validateHomePageTest" name="validateUserLandedInSwagLabsHomePage" time="0.377"/>
  <system-out/>
  <testcase classname="swaglabs.ai.tests.validateHomePageTest" name="validateOfAddSauceLabsBackPackIntoCartFromHomePageTest" time="2.983"/>
  <system-out/>
</testsuite> <!-- swaglabs.ai.tests.validateHomePageTest -->
