<?xml version="1.0" encoding="UTF-8"?>
<!-- Generated by org.testng.reporters.JUnitReportReporter -->
<testsuite hostname="LTIN438577" failures="0" tests="1" name="swaglabs.ai.tests.validateHomePageTest" time="2.596" errors="0" timestamp="2024-09-29T22:06:10 IST" skipped="0">
  <testcase classname="swaglabs.ai.tests.validateHomePageTest" name="validateUserLandedInSwagLabsHomePage" time="2.596"/>
  <system-out/>
</testsuite> <!-- swaglabs.ai.tests.validateHomePageTest -->
